<?xml version="1.0" encoding="UTF-8"?>
<!-- Generated by org.testng.reporters.JUnitReportReporter -->
<testsuite hostname="DESKTOP-89HMT6O" failures="0" tests="127" name="dsAlgo_TestRunner.TestRunner" time="238.454" errors="0" timestamp="2023-07-16T14:23:46 GMT-04:00" skipped="0">
  <testcase classname="dsAlgo_TestRunner.TestRunner" name="runScenario" time="0.818"/>
  <testcase classname="dsAlgo_TestRunner.TestRunner" name="runScenario" time="1.376"/>
  <testcase classname="dsAlgo_TestRunner.TestRunner" name="runScenario" time="0.662"/>
  <testcase classname="dsAlgo_TestRunner.TestRunner" name="runScenario" time="0.875"/>
  <testcase classname="dsAlgo_TestRunner.TestRunner" name="runScenario" time="4.939"/>
  <testcase classname="dsAlgo_TestRunner.TestRunner" name="runScenario" time="2.441"/>
  <testcase classname="dsAlgo_TestRunner.TestRunner" name="runScenario" time="6.852"/>
  <testcase classname="dsAlgo_TestRunner.TestRunner" name="runScenario" time="1.651"/>
  <testcase classname="dsAlgo_TestRunner.TestRunner" name="runScenario" time="4.090"/>
  <testcase classname="dsAlgo_TestRunner.TestRunner" name="runScenario" time="1.648"/>
  <testcase classname="dsAlgo_TestRunner.TestRunner" name="runScenario" time="1.295"/>
  <testcase classname="dsAlgo_TestRunner.TestRunner" name="runScenario" time="4.780"/>
  <testcase classname="dsAlgo_TestRunner.TestRunner" name="runScenario" time="5.889"/>
  <testcase classname="dsAlgo_TestRunner.TestRunner" name="runScenario" time="0.859"/>
  <testcase classname="dsAlgo_TestRunner.TestRunner" name="runScenario" time="1.024"/>
  <testcase classname="dsAlgo_TestRunner.TestRunner" name="runScenario" time="2.526"/>
  <testcase classname="dsAlgo_TestRunner.TestRunner" name="runScenario" time="1.345"/>
  <testcase classname="dsAlgo_TestRunner.TestRunner" name="runScenario" time="3.092"/>
  <testcase classname="dsAlgo_TestRunner.TestRunner" name="runScenario" time="0.645"/>
  <testcase classname="dsAlgo_TestRunner.TestRunner" name="runScenario" time="1.957"/>
  <testcase classname="dsAlgo_TestRunner.TestRunner" name="runScenario" time="1.537"/>
  <testcase classname="dsAlgo_TestRunner.TestRunner" name="runScenario" time="1.061"/>
  <testcase classname="dsAlgo_TestRunner.TestRunner" name="runScenario" time="0.762"/>
  <testcase classname="dsAlgo_TestRunner.TestRunner" name="runScenario" time="1.713"/>
  <testcase classname="dsAlgo_TestRunner.TestRunner" name="runScenario" time="1.351"/>
  <testcase classname="dsAlgo_TestRunner.TestRunner" name="runScenario" time="3.372"/>
  <testcase classname="dsAlgo_TestRunner.TestRunner" name="runScenario" time="0.672"/>
  <testcase classname="dsAlgo_TestRunner.TestRunner" name="runScenario" time="2.672"/>
  <testcase classname="dsAlgo_TestRunner.TestRunner" name="runScenario" time="3.453"/>
  <testcase classname="dsAlgo_TestRunner.TestRunner" name="runScenario" time="0.696"/>
  <testcase classname="dsAlgo_TestRunner.TestRunner" name="runScenario" time="3.286"/>
  <testcase classname="dsAlgo_TestRunner.TestRunner" name="runScenario" time="1.112"/>
  <testcase classname="dsAlgo_TestRunner.TestRunner" name="runScenario" time="1.323"/>
  <testcase classname="dsAlgo_TestRunner.TestRunner" name="runScenario" time="1.518"/>
  <testcase classname="dsAlgo_TestRunner.TestRunner" name="runScenario" time="1.482"/>
  <testcase classname="dsAlgo_TestRunner.TestRunner" name="runScenario" time="0.711"/>
  <testcase classname="dsAlgo_TestRunner.TestRunner" name="runScenario" time="1.386"/>
  <testcase classname="dsAlgo_TestRunner.TestRunner" name="runScenario" time="1.413"/>
  <testcase classname="dsAlgo_TestRunner.TestRunner" name="runScenario" time="1.269"/>
  <testcase classname="dsAlgo_TestRunner.TestRunner" name="runScenario" time="1.022"/>
  <testcase classname="dsAlgo_TestRunner.TestRunner" name="runScenario" time="1.048"/>
  <testcase classname="dsAlgo_TestRunner.TestRunner" name="runScenario" time="0.571"/>
  <testcase classname="dsAlgo_TestRunner.TestRunner" name="runScenario" time="1.498"/>
  <testcase classname="dsAlgo_TestRunner.TestRunner" name="runScenario" time="1.296"/>
  <testcase classname="dsAlgo_TestRunner.TestRunner" name="runScenario" time="2.411"/>
  <testcase classname="dsAlgo_TestRunner.TestRunner" name="runScenario" time="1.124"/>
  <testcase classname="dsAlgo_TestRunner.TestRunner" name="runScenario" time="0.888"/>
  <testcase classname="dsAlgo_TestRunner.TestRunner" name="runScenario" time="3.122"/>
  <testcase classname="dsAlgo_TestRunner.TestRunner" name="runScenario" time="1.795"/>
  <testcase classname="dsAlgo_TestRunner.TestRunner" name="runScenario" time="1.195"/>
  <testcase classname="dsAlgo_TestRunner.TestRunner" name="runScenario" time="1.534"/>
  <testcase classname="dsAlgo_TestRunner.TestRunner" name="runScenario" time="1.267"/>
  <testcase classname="dsAlgo_TestRunner.TestRunner" name="runScenario" time="1.567"/>
  <testcase classname="dsAlgo_TestRunner.TestRunner" name="runScenario" time="1.306"/>
  <testcase classname="dsAlgo_TestRunner.TestRunner" name="runScenario" time="2.680"/>
  <testcase classname="dsAlgo_TestRunner.TestRunner" name="runScenario" time="3.321"/>
  <testcase classname="dsAlgo_TestRunner.TestRunner" name="runScenario" time="0.763"/>
  <testcase classname="dsAlgo_TestRunner.TestRunner" name="runScenario" time="1.096"/>
  <testcase classname="dsAlgo_TestRunner.TestRunner" name="runScenario" time="1.321"/>
  <testcase classname="dsAlgo_TestRunner.TestRunner" name="runScenario" time="1.386"/>
  <testcase classname="dsAlgo_TestRunner.TestRunner" name="runScenario" time="1.320"/>
  <testcase classname="dsAlgo_TestRunner.TestRunner" name="runScenario" time="1.693"/>
  <testcase classname="dsAlgo_TestRunner.TestRunner" name="runScenario" time="6.292"/>
  <testcase classname="dsAlgo_TestRunner.TestRunner" name="runScenario" time="1.245"/>
  <testcase classname="dsAlgo_TestRunner.TestRunner" name="runScenario" time="1.569"/>
  <testcase classname="dsAlgo_TestRunner.TestRunner" name="runScenario" time="1.310"/>
  <testcase classname="dsAlgo_TestRunner.TestRunner" name="runScenario" time="0.853"/>
  <testcase classname="dsAlgo_TestRunner.TestRunner" name="runScenario" time="1.795"/>
  <testcase classname="dsAlgo_TestRunner.TestRunner" name="runScenario" time="1.382"/>
  <testcase classname="dsAlgo_TestRunner.TestRunner" name="runScenario" time="0.850"/>
  <testcase classname="dsAlgo_TestRunner.TestRunner" name="runScenario" time="0.787"/>
  <testcase classname="dsAlgo_TestRunner.TestRunner" name="runScenario" time="1.676"/>
  <testcase classname="dsAlgo_TestRunner.TestRunner" name="runScenario" time="0.979"/>
  <testcase classname="dsAlgo_TestRunner.TestRunner" name="runScenario" time="5.340"/>
  <testcase classname="dsAlgo_TestRunner.TestRunner" name="runScenario" time="1.294"/>
  <testcase classname="dsAlgo_TestRunner.TestRunner" name="runScenario" time="3.952"/>
  <testcase classname="dsAlgo_TestRunner.TestRunner" name="runScenario" time="1.301"/>
  <testcase classname="dsAlgo_TestRunner.TestRunner" name="runScenario" time="3.741"/>
  <testcase classname="dsAlgo_TestRunner.TestRunner" name="runScenario" time="1.738"/>
  <testcase classname="dsAlgo_TestRunner.TestRunner" name="runScenario" time="3.450"/>
  <testcase classname="dsAlgo_TestRunner.TestRunner" name="runScenario" time="1.224"/>
  <testcase classname="dsAlgo_TestRunner.TestRunner" name="runScenario" time="0.457"/>
  <testcase classname="dsAlgo_TestRunner.TestRunner" name="runScenario" time="0.736"/>
  <testcase classname="dsAlgo_TestRunner.TestRunner" name="runScenario" time="3.875"/>
  <testcase classname="dsAlgo_TestRunner.TestRunner" name="runScenario" time="1.147"/>
  <testcase classname="dsAlgo_TestRunner.TestRunner" name="runScenario" time="0.955"/>
  <testcase classname="dsAlgo_TestRunner.TestRunner" name="runScenario" time="0.996"/>
  <testcase classname="dsAlgo_TestRunner.TestRunner" name="runScenario" time="1.507"/>
  <testcase classname="dsAlgo_TestRunner.TestRunner" name="runScenario" time="0.973"/>
  <testcase classname="dsAlgo_TestRunner.TestRunner" name="runScenario" time="0.529"/>
  <testcase classname="dsAlgo_TestRunner.TestRunner" name="runScenario" time="1.333"/>
  <testcase classname="dsAlgo_TestRunner.TestRunner" name="runScenario" time="0.795"/>
  <testcase classname="dsAlgo_TestRunner.TestRunner" name="runScenario" time="1.241"/>
  <testcase classname="dsAlgo_TestRunner.TestRunner" name="runScenario" time="0.768"/>
  <testcase classname="dsAlgo_TestRunner.TestRunner" name="runScenario" time="1.436"/>
  <testcase classname="dsAlgo_TestRunner.TestRunner" name="runScenario" time="1.259"/>
  <testcase classname="dsAlgo_TestRunner.TestRunner" name="runScenario" time="1.179"/>
  <testcase classname="dsAlgo_TestRunner.TestRunner" name="runScenario" time="1.461"/>
  <testcase classname="dsAlgo_TestRunner.TestRunner" name="runScenario" time="0.810"/>
  <testcase classname="dsAlgo_TestRunner.TestRunner" name="runScenario" time="3.710"/>
  <testcase classname="dsAlgo_TestRunner.TestRunner" name="runScenario" time="0.959"/>
  <testcase classname="dsAlgo_TestRunner.TestRunner" name="runScenario" time="0.642"/>
  <testcase classname="dsAlgo_TestRunner.TestRunner" name="runScenario" time="1.433"/>
  <testcase classname="dsAlgo_TestRunner.TestRunner" name="runScenario" time="1.938"/>
  <testcase classname="dsAlgo_TestRunner.TestRunner" name="runScenario" time="3.515"/>
  <testcase classname="dsAlgo_TestRunner.TestRunner" name="runScenario" time="6.028"/>
  <testcase classname="dsAlgo_TestRunner.TestRunner" name="runScenario" time="1.157"/>
  <testcase classname="dsAlgo_TestRunner.TestRunner" name="runScenario" time="0.443"/>
  <testcase classname="dsAlgo_TestRunner.TestRunner" name="runScenario" time="3.710"/>
  <testcase classname="dsAlgo_TestRunner.TestRunner" name="runScenario" time="1.219"/>
  <testcase classname="dsAlgo_TestRunner.TestRunner" name="runScenario" time="0.577"/>
  <testcase classname="dsAlgo_TestRunner.TestRunner" name="runScenario" time="5.335"/>
  <testcase classname="dsAlgo_TestRunner.TestRunner" name="runScenario" time="0.899"/>
  <testcase classname="dsAlgo_TestRunner.TestRunner" name="runScenario" time="0.675"/>
  <testcase classname="dsAlgo_TestRunner.TestRunner" name="runScenario" time="2.635"/>
  <testcase classname="dsAlgo_TestRunner.TestRunner" name="runScenario" time="1.144"/>
  <testcase classname="dsAlgo_TestRunner.TestRunner" name="runScenario" time="1.349"/>
  <testcase classname="dsAlgo_TestRunner.TestRunner" name="runScenario" time="6.537"/>
  <testcase classname="dsAlgo_TestRunner.TestRunner" name="runScenario" time="1.550"/>
  <testcase classname="dsAlgo_TestRunner.TestRunner" name="runScenario" time="4.040"/>
  <testcase classname="dsAlgo_TestRunner.TestRunner" name="runScenario" time="0.410"/>
  <testcase classname="dsAlgo_TestRunner.TestRunner" name="runScenario" time="5.623"/>
  <testcase classname="dsAlgo_TestRunner.TestRunner" name="runScenario" time="0.827"/>
  <testcase classname="dsAlgo_TestRunner.TestRunner" name="runScenario" time="1.376"/>
  <testcase classname="dsAlgo_TestRunner.TestRunner" name="runScenario" time="1.176"/>
  <testcase classname="dsAlgo_TestRunner.TestRunner" name="runScenario" time="1.042"/>
  <testcase classname="dsAlgo_TestRunner.TestRunner" name="runScenario" time="1.493"/>
</testsuite> <!-- dsAlgo_TestRunner.TestRunner -->
